Copyright 1986-2022 Xilinx, Inc. All Rights Reserved. Copyright 2022-2024 Advanced Micro Devices, Inc. All Rights Reserved.
-------------------------------------------------------------------------------------------------------------------------------------------------------
| Tool Version     : Vivado v.2024.2 (lin64) Build 5239630 Fri Nov 08 22:34:34 MST 2024
| Date             : Mon May 26 20:06:48 2025
| Host             : Heigke running 64-bit Ubuntu 22.04.5 LTS
| Command          : report_power -file dram_simple_power_routed.rpt -pb dram_simple_power_summary_routed.pb -rpx dram_simple_power_routed.rpx
| Design           : dram_simple
| Device           : xc7a100tcsg324-1
| Design State     : routed
| Grade            : commercial
| Process          : typical
| Characterization : Production
-------------------------------------------------------------------------------------------------------------------------------------------------------

Power Report

Table of Contents
-----------------
1. Summary
1.1 On-Chip Components
1.2 Power Supply Summary
1.3 Confidence Level
2. Settings
2.1 Environment
2.2 Clock Constraints
3. Detailed Reports
3.1 By Hierarchy

1. Summary
----------

+--------------------------+--------------+
| Total On-Chip Power (W)  | 0.389        |
| Design Power Budget (W)  | Unspecified* |
| Power Budget Margin (W)  | NA           |
| Dynamic (W)              | 0.285        |
| Device Static (W)        | 0.104        |
| Effective TJA (C/W)      | 4.6          |
| Max Ambient (C)          | 83.2         |
| Junction Temperature (C) | 26.8         |
| Confidence Level         | Low          |
| Setting File             | ---          |
| Simulation Activity File | ---          |
| Design Nets Matched      | NA           |
+--------------------------+--------------+
* Specify Design Power Budget using, set_operating_conditions -design_power_budget <value in Watts>


1.1 On-Chip Components
----------------------

+--------------------------+-----------+----------+-----------+-----------------+
| On-Chip                  | Power (W) | Used     | Available | Utilization (%) |
+--------------------------+-----------+----------+-----------+-----------------+
| Clocks                   |     0.013 |        5 |       --- |             --- |
| Slice Logic              |     0.003 |     6756 |       --- |             --- |
|   LUT as Logic           |     0.002 |     1980 |     63400 |            3.12 |
|   Register               |    <0.001 |     3348 |    126800 |            2.64 |
|   LUT as Shift Register  |    <0.001 |      231 |     19000 |            1.22 |
|   CARRY4                 |    <0.001 |       83 |     15850 |            0.52 |
|   BUFG                   |    <0.001 |        1 |        32 |            3.13 |
|   LUT as Distributed RAM |    <0.001 |       24 |     19000 |            0.13 |
|   F7/F8 Muxes            |    <0.001 |       59 |     63400 |            0.09 |
|   Others                 |     0.000 |      415 |       --- |             --- |
| Signals                  |     0.004 |     4646 |       --- |             --- |
| Block RAM                |     0.002 |        3 |       135 |            2.22 |
| I/O                      |     0.263 |       58 |       210 |           27.62 |
| Static Power             |     0.104 |          |           |                 |
| Total                    |     0.389 |          |           |                 |
+--------------------------+-----------+----------+-----------+-----------------+


1.2 Power Supply Summary
------------------------

+-----------+-------------+-----------+-------------+------------+-------------+-------------+------------+
| Source    | Voltage (V) | Total (A) | Dynamic (A) | Static (A) | Powerup (A) | Budget (A)  | Margin (A) |
+-----------+-------------+-----------+-------------+------------+-------------+-------------+------------+
| Vccint    |       1.000 |     0.043 |       0.027 |      0.016 |       NA    | Unspecified | NA         |
| Vccaux    |       1.800 |     0.051 |       0.032 |      0.018 |       NA    | Unspecified | NA         |
| Vcco33    |       3.300 |     0.005 |       0.001 |      0.004 |       NA    | Unspecified | NA         |
| Vcco25    |       2.500 |     0.000 |       0.000 |      0.000 |       NA    | Unspecified | NA         |
| Vcco18    |       1.800 |     0.000 |       0.000 |      0.000 |       NA    | Unspecified | NA         |
| Vcco15    |       1.500 |     0.000 |       0.000 |      0.000 |       NA    | Unspecified | NA         |
| Vcco135   |       1.350 |     0.150 |       0.146 |      0.004 |       NA    | Unspecified | NA         |
| Vcco12    |       1.200 |     0.000 |       0.000 |      0.000 |       NA    | Unspecified | NA         |
| Vccaux_io |       1.800 |     0.000 |       0.000 |      0.000 |       NA    | Unspecified | NA         |
| Vccbram   |       1.000 |     0.000 |       0.000 |      0.000 |       NA    | Unspecified | NA         |
| MGTAVcc   |       1.000 |     0.000 |       0.000 |      0.000 |       NA    | Unspecified | NA         |
| MGTAVtt   |       1.200 |     0.000 |       0.000 |      0.000 |       NA    | Unspecified | NA         |
| Vccadc    |       1.800 |     0.020 |       0.000 |      0.020 |       NA    | Unspecified | NA         |
+-----------+-------------+-----------+-------------+------------+-------------+-------------+------------+


1.3 Confidence Level
--------------------

+-----------------------------+------------+--------------------------------------------------------+------------------------------------------------------------------------------------------------------------+
| User Input Data             | Confidence | Details                                                | Action                                                                                                     |
+-----------------------------+------------+--------------------------------------------------------+------------------------------------------------------------------------------------------------------------+
| Design implementation state | High       | Design is routed                                       |                                                                                                            |
| Clock nodes activity        | High       | User specified more than 95% of clocks                 |                                                                                                            |
| I/O nodes activity          | Low        | More than 75% of inputs are missing user specification | Provide missing input activity with simulation results or by editing the "By Resource Type -> I/Os" view   |
| Internal nodes activity     | Medium     | User specified less than 25% of internal nodes         | Provide missing internal nodes activity with simulation results or by editing the "By Resource Type" views |
| Device models               | High       | Device models are Production                           |                                                                                                            |
|                             |            |                                                        |                                                                                                            |
| Overall confidence level    | Low        |                                                        |                                                                                                            |
+-----------------------------+------------+--------------------------------------------------------+------------------------------------------------------------------------------------------------------------+


2. Settings
-----------

2.1 Environment
---------------

+-----------------------+--------------------------+
| Ambient Temp (C)      | 25.0                     |
| ThetaJA (C/W)         | 4.6                      |
| Airflow (LFM)         | 250                      |
| Heat Sink             | medium (Medium Profile)  |
| ThetaSA (C/W)         | 4.6                      |
| Board Selection       | medium (10"x10")         |
| # of Board Layers     | 12to15 (12 to 15 Layers) |
| Board Temperature (C) | 25.0                     |
+-----------------------+--------------------------+


2.2 Clock Constraints
---------------------

+--------------------------------------------------------------------------------------------+-------------------------------------------------------------------+-----------------+
| Clock                                                                                      | Domain                                                            | Constraint (ns) |
+--------------------------------------------------------------------------------------------+-------------------------------------------------------------------+-----------------+
| dbg_hub/inst/BSCANID.u_xsdbm_id/SWITCH_N_EXT_BSCAN.bscan_inst/SERIES7_BSCAN.bscan_inst/TCK | dbg_hub/inst/BSCANID.u_xsdbm_id/SWITCH_N_EXT_BSCAN.bscan_inst/TCK |            33.0 |
| ddr3_clk                                                                                   | ddr3_ck_p[0]                                                      |             5.0 |
| sys_clk_pin                                                                                | CLK100MHZ                                                         |            10.0 |
+--------------------------------------------------------------------------------------------+-------------------------------------------------------------------+-----------------+


3. Detailed Reports
-------------------

3.1 By Hierarchy
----------------

+---------------------------------+-----------+
| Name                            | Power (W) |
+---------------------------------+-----------+
| dram_simple                     |     0.285 |
|   dbg_hub                       |     0.003 |
|     inst                        |     0.003 |
|       BSCANID.u_xsdbm_id        |     0.003 |
|   dq_iob_loop[0].dq_iobuf_inst  |     0.013 |
|   dq_iob_loop[10].dq_iobuf_inst |     0.013 |
|   dq_iob_loop[11].dq_iobuf_inst |     0.012 |
|   dq_iob_loop[12].dq_iobuf_inst |     0.012 |
|   dq_iob_loop[13].dq_iobuf_inst |     0.013 |
|   dq_iob_loop[14].dq_iobuf_inst |     0.012 |
|   dq_iob_loop[15].dq_iobuf_inst |     0.013 |
|   dq_iob_loop[1].dq_iobuf_inst  |     0.012 |
|   dq_iob_loop[2].dq_iobuf_inst  |     0.013 |
|   dq_iob_loop[3].dq_iobuf_inst  |     0.012 |
|   dq_iob_loop[4].dq_iobuf_inst  |     0.012 |
|   dq_iob_loop[5].dq_iobuf_inst  |     0.013 |
|   dq_iob_loop[6].dq_iobuf_inst  |     0.012 |
|   dq_iob_loop[7].dq_iobuf_inst  |     0.013 |
|   dq_iob_loop[8].dq_iobuf_inst  |     0.013 |
|   dq_iob_loop[9].dq_iobuf_inst  |     0.012 |
|   dqs0_iobufds_inst             |     0.002 |
|   dqs1_iobufds_inst             |     0.002 |
|   ila_inst                      |     0.015 |
|     inst                        |     0.015 |
|       ila_core_inst             |     0.015 |
+---------------------------------+-----------+


