Copyright 1986-2022 Xilinx, Inc. All Rights Reserved. Copyright 2022-2024 Advanced Micro Devices, Inc. All Rights Reserved.
---------------------------------------------------------------------------------------------------------------------------------------------
| Tool Version : Vivado v.2024.2 (lin64) Build 5239630 Fri Nov 08 22:34:34 MST 2024
| Date         : Sat Jun  7 10:27:35 2025
| Host         : Heigke running 64-bit Ubuntu 22.04.5 LTS
| Command      : report_clock_utilization -file top_clock_utilization_routed.rpt
| Design       : top
| Device       : 7a100t-csg324
| Speed File   : -1  PRODUCTION 1.23 2018-06-13
| Design State : Routed
---------------------------------------------------------------------------------------------------------------------------------------------

Clock Utilization Report

Table of Contents
-----------------
1. Clock Primitive Utilization
2. Global Clock Resources
3. Global Clock Source Details
4. Local Clock Details
5. Clock Regions: Key Resource Utilization
6. Clock Regions : Global Clock Summary
7. Device Cell Placement Summary for Global Clock g0
8. Device Cell Placement Summary for Global Clock g1
9. Device Cell Placement Summary for Global Clock g2
10. Device Cell Placement Summary for Global Clock g3
11. Device Cell Placement Summary for Global Clock g4
12. Device Cell Placement Summary for Global Clock g5
13. Clock Region Cell Placement per Global Clock: Region X0Y0
14. Clock Region Cell Placement per Global Clock: Region X1Y0
15. Clock Region Cell Placement per Global Clock: Region X0Y1
16. Clock Region Cell Placement per Global Clock: Region X1Y1
17. Clock Region Cell Placement per Global Clock: Region X1Y2

1. Clock Primitive Utilization
------------------------------

+----------+------+-----------+-----+--------------+--------+
| Type     | Used | Available | LOC | Clock Region | Pblock |
+----------+------+-----------+-----+--------------+--------+
| BUFGCTRL |    5 |        32 |   0 |            0 |      0 |
| BUFH     |    1 |        96 |   0 |            0 |      0 |
| BUFIO    |    0 |        24 |   0 |            0 |      0 |
| BUFMR    |    0 |        12 |   0 |            0 |      0 |
| BUFR     |    0 |        24 |   0 |            0 |      0 |
| MMCM     |    0 |         6 |   0 |            0 |      0 |
| PLL      |    1 |         6 |   0 |            0 |      0 |
+----------+------+-----------+-----+--------------+--------+


2. Global Clock Resources
-------------------------

+-----------+-----------+-----------------+------------+----------------+--------------+-------------------+-------------+-----------------+--------------+--------------------------------------------------------------------------------------------+----------------------------------------------------------------------+----------------------------------------+
| Global Id | Source Id | Driver Type/Pin | Constraint | Site           | Clock Region | Load Clock Region | Clock Loads | Non-Clock Loads | Clock Period | Clock                                                                                      | Driver Pin                                                           | Net                                    |
+-----------+-----------+-----------------+------------+----------------+--------------+-------------------+-------------+-----------------+--------------+--------------------------------------------------------------------------------------------+----------------------------------------------------------------------+----------------------------------------+
| g0        | src0      | BUFG/O          | None       | BUFGCTRL_X0Y16 | n/a          |                 5 |        4235 |               1 |       10.000 | clk_w                                                                                      | u_pll/clkout0_o_BUFG_inst/O                                          | u_pll/clkout0_o_BUFG                   |
| g1        | src1      | BUFG/O          | None       | BUFGCTRL_X0Y0  | n/a          |                 3 |         461 |               0 |       33.000 | dbg_hub/inst/BSCANID.u_xsdbm_id/SWITCH_N_EXT_BSCAN.bscan_inst/SERIES7_BSCAN.bscan_inst/TCK | dbg_hub/inst/BSCANID.u_xsdbm_id/SWITCH_N_EXT_BSCAN.u_bufg_icon_tck/O | dbg_hub/inst/BSCANID.u_xsdbm_id/itck_i |
| g2        | src2      | BUFG/O          | None       | BUFGCTRL_X0Y17 | n/a          |                 1 |          34 |               0 |        2.500 | clk_ddr_w                                                                                  | u_pll/clkout1_o_BUFG_inst/O                                          | u_pll/clkout1_o_BUFG                   |
| g3        | src3      | BUFG/O          | None       | BUFGCTRL_X0Y18 | n/a          |                 1 |           2 |               0 |        2.500 | clk_ddr_dqs_w                                                                              | u_pll/clkout3_o_BUFG_inst/O                                          | u_pll/clkout3_o_BUFG                   |
| g4        | src4      | BUFH/O          | None       | BUFHCE_X1Y24   | X1Y2         |                 1 |           1 |               0 |       10.000 | clkfbout_w                                                                                 | u_pll/u_clkfb_buf/O                                                  | u_pll/clkfbout_buffered_w              |
| g5        | src5      | BUFG/O          | None       | BUFGCTRL_X0Y19 | n/a          |                 1 |           1 |               0 |        5.000 | clk_ref_w                                                                                  | u_pll/clkout2_o_BUFG_inst/O                                          | u_pll/clkout2_o_BUFG                   |
+-----------+-----------+-----------------+------------+----------------+--------------+-------------------+-------------+-----------------+--------------+--------------------------------------------------------------------------------------------+----------------------------------------------------------------------+----------------------------------------+
* Clock Loads column represents cell count of net connects that connect to a clock pin. Internal cell leaf pins are not considered
** Non-Clock Loads column represents cell count of non-clock pin loads


3. Global Clock Source Details
------------------------------

+-----------+-----------+--------------------+------------+----------------+--------------+-------------+-----------------+---------------------+--------------------------------------------------------------------------------------------+--------------------------------------------------------------------------------------------+-------------------------------------------------------------------+
| Source Id | Global Id | Driver Type/Pin    | Constraint | Site           | Clock Region | Clock Loads | Non-Clock Loads | Source Clock Period | Source Clock                                                                               | Driver Pin                                                                                 | Net                                                               |
+-----------+-----------+--------------------+------------+----------------+--------------+-------------+-----------------+---------------------+--------------------------------------------------------------------------------------------+--------------------------------------------------------------------------------------------+-------------------------------------------------------------------+
| src0      | g0        | PLLE2_ADV/CLKOUT0  | None       | PLLE2_ADV_X1Y2 | X1Y2         |           1 |               0 |              10.000 | clk_w                                                                                      | u_pll/u_pll/CLKOUT0                                                                        | u_pll/clkout0_o                                                   |
| src1      | g1        | BSCANE2/TCK        | None       | BSCAN_X0Y0     | X0Y1         |           1 |               0 |              33.000 | dbg_hub/inst/BSCANID.u_xsdbm_id/SWITCH_N_EXT_BSCAN.bscan_inst/SERIES7_BSCAN.bscan_inst/TCK | dbg_hub/inst/BSCANID.u_xsdbm_id/SWITCH_N_EXT_BSCAN.bscan_inst/SERIES7_BSCAN.bscan_inst/TCK | dbg_hub/inst/BSCANID.u_xsdbm_id/SWITCH_N_EXT_BSCAN.bscan_inst/TCK |
| src2      | g2        | PLLE2_ADV/CLKOUT1  | None       | PLLE2_ADV_X1Y2 | X1Y2         |           1 |               0 |               2.500 | clk_ddr_w                                                                                  | u_pll/u_pll/CLKOUT1                                                                        | u_pll/clkout1_o                                                   |
| src3      | g3        | PLLE2_ADV/CLKOUT3  | None       | PLLE2_ADV_X1Y2 | X1Y2         |           1 |               0 |               2.500 | clk_ddr_dqs_w                                                                              | u_pll/u_pll/CLKOUT3                                                                        | u_pll/clkout3_o                                                   |
| src4      | g4        | PLLE2_ADV/CLKFBOUT | None       | PLLE2_ADV_X1Y2 | X1Y2         |           1 |               0 |              10.000 | clkfbout_w                                                                                 | u_pll/u_pll/CLKFBOUT                                                                       | u_pll/clkfbout_w                                                  |
| src5      | g5        | PLLE2_ADV/CLKOUT2  | None       | PLLE2_ADV_X1Y2 | X1Y2         |           1 |               0 |               5.000 | clk_ref_w                                                                                  | u_pll/u_pll/CLKOUT2                                                                        | u_pll/clkout2_o                                                   |
+-----------+-----------+--------------------+------------+----------------+--------------+-------------+-----------------+---------------------+--------------------------------------------------------------------------------------------+--------------------------------------------------------------------------------------------+-------------------------------------------------------------------+
* Clock Loads column represents cell count of net connects that connect to a clock pin. Internal cell leaf pins are not considered
** Non-Clock Loads column represents cell count of non-clock pin loads


4. Local Clock Details
----------------------

+----------+------------------+--------------+-----------------------+--------------+-------------+-----------------+--------------+-------+----------------------------+-----------------------+
| Local Id | Driver Type/Pin  | Constraint   | Site/BEL              | Clock Region | Clock Loads | Non-Clock Loads | Clock Period | Clock | Driver Pin                 | Net                   |
+----------+------------------+--------------+-----------------------+--------------+-------------+-----------------+--------------+-------+----------------------------+-----------------------+
| 0        | IDELAYE2/DATAOUT | IDELAY_X1Y94 | IDELAY_X1Y94/IDELAYE2 | X1Y1         |           8 |               0 |              |       | u_phy/u_dqs_delay0/DATAOUT | u_phy/dqs_delayed_w_0 |
| 1        | IDELAYE2/DATAOUT | IDELAY_X1Y82 | IDELAY_X1Y82/IDELAYE2 | X1Y1         |           8 |               0 |              |       | u_phy/u_dqs_delay1/DATAOUT | u_phy/dqs_delayed_w_1 |
+----------+------------------+--------------+-----------------------+--------------+-------------+-----------------+--------------+-------+----------------------------+-----------------------+
* Local Clocks in this context represents only clocks driven by non-global buffers
** Clock Loads column represents cell count of net connects that connect to a clock pin. Internal cell leaf pins are not considered
*** Non-Clock Loads column represents cell count of non-clock pin loads


5. Clock Regions: Key Resource Utilization
------------------------------------------

+-------------------+--------------+--------------+--------------+--------------+--------------+--------------+--------------+--------------+--------------+--------------+--------------+--------------+--------------+--------------+--------------+
|                   | Global Clock |     BUFRs    |    BUFMRs    |    BUFIOs    |     MMCM     |      PLL     |      GT      |      PCI     |    ILOGIC    |    OLOGIC    |      FF      |     LUTM     |    RAMB18    |    RAMB36    |    DSP48E2   |
+-------------------+------+-------+------+-------+------+-------+------+-------+------+-------+------+-------+------+-------+------+-------+------+-------+------+-------+------+-------+------+-------+------+-------+------+-------+------+-------+
| Clock Region Name | Used | Avail | Used | Avail | Used | Avail | Used | Avail | Used | Avail | Used | Avail | Used | Avail | Used | Avail | Used | Avail | Used | Avail | Used | Avail | Used | Avail | Used | Avail | Used | Avail | Used | Avail |
+-------------------+------+-------+------+-------+------+-------+------+-------+------+-------+------+-------+------+-------+------+-------+------+-------+------+-------+------+-------+------+-------+------+-------+------+-------+------+-------+
| X0Y0              |    2 |    12 |    0 |     4 |    0 |     2 |    0 |     4 |    0 |     1 |    0 |     1 |    0 |     0 |    0 |     0 |    0 |    50 |    0 |    50 |  693 |  2600 |  190 |   600 |    0 |    20 |    7 |    10 |    0 |    20 |
| X1Y0              |    2 |    12 |    0 |     0 |    0 |     0 |    0 |     0 |    0 |     0 |    0 |     0 |    0 |     4 |    0 |     0 |    0 |     0 |    0 |     0 |  850 |  1500 |  384 |   550 |    0 |    40 |   19 |    20 |    0 |    40 |
| X0Y1              |    2 |    12 |    0 |     4 |    0 |     2 |    0 |     4 |    0 |     1 |    0 |     1 |    0 |     0 |    0 |     0 |    0 |    50 |    0 |    50 |  536 |  2000 |  194 |   600 |    0 |    20 |    5 |    10 |    0 |    20 |
| X1Y1              |    4 |    12 |    0 |     4 |    0 |     2 |    0 |     4 |    0 |     1 |    0 |     1 |    0 |     0 |    0 |     0 |   16 |    50 |   42 |    50 | 2030 |  1900 |  731 |   650 |    0 |    60 |   19 |    30 |    0 |    40 |
| X0Y2              |    0 |    12 |    0 |     4 |    0 |     2 |    0 |     4 |    0 |     1 |    0 |     1 |    0 |     0 |    0 |     0 |    0 |    50 |    0 |    50 |    0 |  2000 |    0 |   600 |    0 |    20 |    0 |    10 |    0 |    20 |
| X1Y2              |    2 |    12 |    0 |     4 |    0 |     2 |    0 |     4 |    0 |     1 |    1 |     1 |    0 |     0 |    0 |     0 |    0 |    50 |    0 |    50 |    3 |  1900 |    0 |   650 |    0 |    60 |    0 |    30 |    0 |    40 |
| X0Y3              |    0 |    12 |    0 |     4 |    0 |     2 |    0 |     4 |    0 |     1 |    0 |     1 |    0 |     0 |    0 |     0 |    0 |    50 |    0 |    50 |    0 |  2600 |    0 |   600 |    0 |    20 |    0 |    10 |    0 |    20 |
| X1Y3              |    0 |    12 |    0 |     0 |    0 |     0 |    0 |     0 |    0 |     0 |    0 |     0 |    0 |     4 |    0 |     1 |    0 |     0 |    0 |     0 |    0 |  1350 |    0 |   500 |    0 |    30 |    0 |    15 |    0 |    40 |
+-------------------+------+-------+------+-------+------+-------+------+-------+------+-------+------+-------+------+-------+------+-------+------+-------+------+-------+------+-------+------+-------+------+-------+------+-------+------+-------+
* Global Clock column represents track count; while other columns represents cell counts


6. Clock Regions : Global Clock Summary
---------------------------------------

All Modules
+----+----+----+
|    | X0 | X1 |
+----+----+----+
| Y3 |  0 |  0 |
| Y2 |  0 |  0 |
| Y1 |  0 |  0 |
| Y0 |  0 |  0 |
+----+----+----+


7. Device Cell Placement Summary for Global Clock g0
----------------------------------------------------

+-----------+-----------------+-------------------+-------+-------------+---------------+-------------+----------+----------------+----------+----------------------+
| Global Id | Driver Type/Pin | Driver Region (D) | Clock | Period (ns) | Waveform (ns) | Slice Loads | IO Loads | Clocking Loads | GT Loads | Net                  |
+-----------+-----------------+-------------------+-------+-------------+---------------+-------------+----------+----------------+----------+----------------------+
| g0        | BUFG/O          | n/a               | clk_w |      10.000 | {0.000 5.000} |        3978 |       36 |              0 |        0 | u_pll/clkout0_o_BUFG |
+-----------+-----------------+-------------------+-------+-------------+---------------+-------------+----------+----------------+----------+----------------------+
* Slice Loads column represents load cell count of all cell types other than IO, GT and clock resources
** IO Loads column represents load cell count of IO types
*** Clocking Loads column represents load cell count that are clock resources (global clock buffer, MMCM, PLL, etc)
**** GT Loads column represents load cell count of GT types


+----+------+-------+-----------------------+
|    | X0   | X1    | HORIZONTAL PROG DELAY |
+----+------+-------+-----------------------+
| Y3 |    0 |     0 |                     - |
| Y2 |    0 |     3 |                     0 |
| Y1 |  535 |  2222 |                     0 |
| Y0 |  388 |   866 |                     0 |
+----+------+-------+-----------------------+


8. Device Cell Placement Summary for Global Clock g1
----------------------------------------------------

+-----------+-----------------+-------------------+--------------------------------------------------------------------------------------------+-------------+----------------+-------------+----------+----------------+----------+----------------------------------------+
| Global Id | Driver Type/Pin | Driver Region (D) | Clock                                                                                      | Period (ns) | Waveform (ns)  | Slice Loads | IO Loads | Clocking Loads | GT Loads | Net                                    |
+-----------+-----------------+-------------------+--------------------------------------------------------------------------------------------+-------------+----------------+-------------+----------+----------------+----------+----------------------------------------+
| g1        | BUFG/O          | n/a               | dbg_hub/inst/BSCANID.u_xsdbm_id/SWITCH_N_EXT_BSCAN.bscan_inst/SERIES7_BSCAN.bscan_inst/TCK |      33.000 | {0.000 16.500} |         458 |        0 |              0 |        0 | dbg_hub/inst/BSCANID.u_xsdbm_id/itck_i |
+-----------+-----------------+-------------------+--------------------------------------------------------------------------------------------+-------------+----------------+-------------+----------+----------------+----------+----------------------------------------+
* Slice Loads column represents load cell count of all cell types other than IO, GT and clock resources
** IO Loads column represents load cell count of IO types
*** Clocking Loads column represents load cell count that are clock resources (global clock buffer, MMCM, PLL, etc)
**** GT Loads column represents load cell count of GT types


+----+------+-----+-----------------------+
|    | X0   | X1  | HORIZONTAL PROG DELAY |
+----+------+-----+-----------------------+
| Y3 |    0 |   0 |                     - |
| Y2 |    0 |   0 |                     - |
| Y1 |   31 |   0 |                     0 |
| Y0 |  336 |  91 |                     0 |
+----+------+-----+-----------------------+


9. Device Cell Placement Summary for Global Clock g2
----------------------------------------------------

+-----------+-----------------+-------------------+-----------+-------------+---------------+-------------+----------+----------------+----------+----------------------+
| Global Id | Driver Type/Pin | Driver Region (D) | Clock     | Period (ns) | Waveform (ns) | Slice Loads | IO Loads | Clocking Loads | GT Loads | Net                  |
+-----------+-----------------+-------------------+-----------+-------------+---------------+-------------+----------+----------------+----------+----------------------+
| g2        | BUFG/O          | n/a               | clk_ddr_w |       2.500 | {0.000 1.250} |           0 |       34 |              0 |        0 | u_pll/clkout1_o_BUFG |
+-----------+-----------------+-------------------+-----------+-------------+---------------+-------------+----------+----------------+----------+----------------------+
* Slice Loads column represents load cell count of all cell types other than IO, GT and clock resources
** IO Loads column represents load cell count of IO types
*** Clocking Loads column represents load cell count that are clock resources (global clock buffer, MMCM, PLL, etc)
**** GT Loads column represents load cell count of GT types


+----+----+-----+-----------------------+
|    | X0 | X1  | HORIZONTAL PROG DELAY |
+----+----+-----+-----------------------+
| Y3 |  0 |   0 |                     - |
| Y2 |  0 |   0 |                     - |
| Y1 |  0 |  34 |                     0 |
| Y0 |  0 |   0 |                     - |
+----+----+-----+-----------------------+


10. Device Cell Placement Summary for Global Clock g3
-----------------------------------------------------

+-----------+-----------------+-------------------+---------------+-------------+---------------+-------------+----------+----------------+----------+----------------------+
| Global Id | Driver Type/Pin | Driver Region (D) | Clock         | Period (ns) | Waveform (ns) | Slice Loads | IO Loads | Clocking Loads | GT Loads | Net                  |
+-----------+-----------------+-------------------+---------------+-------------+---------------+-------------+----------+----------------+----------+----------------------+
| g3        | BUFG/O          | n/a               | clk_ddr_dqs_w |       2.500 | {0.625 1.875} |           0 |        2 |              0 |        0 | u_pll/clkout3_o_BUFG |
+-----------+-----------------+-------------------+---------------+-------------+---------------+-------------+----------+----------------+----------+----------------------+
* Slice Loads column represents load cell count of all cell types other than IO, GT and clock resources
** IO Loads column represents load cell count of IO types
*** Clocking Loads column represents load cell count that are clock resources (global clock buffer, MMCM, PLL, etc)
**** GT Loads column represents load cell count of GT types


+----+----+----+-----------------------+
|    | X0 | X1 | HORIZONTAL PROG DELAY |
+----+----+----+-----------------------+
| Y3 |  0 |  0 |                     - |
| Y2 |  0 |  0 |                     - |
| Y1 |  0 |  2 |                     0 |
| Y0 |  0 |  0 |                     - |
+----+----+----+-----------------------+


11. Device Cell Placement Summary for Global Clock g4
-----------------------------------------------------

+-----------+-----------------+-------------------+------------+-------------+---------------+-------------+----------+----------------+----------+---------------------------+
| Global Id | Driver Type/Pin | Driver Region (D) | Clock      | Period (ns) | Waveform (ns) | Slice Loads | IO Loads | Clocking Loads | GT Loads | Net                       |
+-----------+-----------------+-------------------+------------+-------------+---------------+-------------+----------+----------------+----------+---------------------------+
| g4        | BUFH/O          | X1Y2              | clkfbout_w |      10.000 | {0.000 5.000} |           0 |        0 |              1 |        0 | u_pll/clkfbout_buffered_w |
+-----------+-----------------+-------------------+------------+-------------+---------------+-------------+----------+----------------+----------+---------------------------+
* Slice Loads column represents load cell count of all cell types other than IO, GT and clock resources
** IO Loads column represents load cell count of IO types
*** Clocking Loads column represents load cell count that are clock resources (global clock buffer, MMCM, PLL, etc)
**** GT Loads column represents load cell count of GT types


+----+----+--------+-----------------------+
|    | X0 | X1     | HORIZONTAL PROG DELAY |
+----+----+--------+-----------------------+
| Y3 |  0 |      0 |                     - |
| Y2 |  0 |  (D) 1 |                     0 |
| Y1 |  0 |      0 |                     - |
| Y0 |  0 |      0 |                     - |
+----+----+--------+-----------------------+


12. Device Cell Placement Summary for Global Clock g5
-----------------------------------------------------

+-----------+-----------------+-------------------+-----------+-------------+---------------+-------------+----------+----------------+----------+----------------------+
| Global Id | Driver Type/Pin | Driver Region (D) | Clock     | Period (ns) | Waveform (ns) | Slice Loads | IO Loads | Clocking Loads | GT Loads | Net                  |
+-----------+-----------------+-------------------+-----------+-------------+---------------+-------------+----------+----------------+----------+----------------------+
| g5        | BUFG/O          | n/a               | clk_ref_w |       5.000 | {0.000 2.500} |           1 |        0 |              0 |        0 | u_pll/clkout2_o_BUFG |
+-----------+-----------------+-------------------+-----------+-------------+---------------+-------------+----------+----------------+----------+----------------------+
* Slice Loads column represents load cell count of all cell types other than IO, GT and clock resources
** IO Loads column represents load cell count of IO types
*** Clocking Loads column represents load cell count that are clock resources (global clock buffer, MMCM, PLL, etc)
**** GT Loads column represents load cell count of GT types


+----+----+----+-----------------------+
|    | X0 | X1 | HORIZONTAL PROG DELAY |
+----+----+----+-----------------------+
| Y3 |  0 |  0 |                     - |
| Y2 |  0 |  0 |                     - |
| Y1 |  0 |  1 |                     0 |
| Y0 |  0 |  0 |                     - |
+----+----+----+-----------------------+


13. Clock Region Cell Placement per Global Clock: Region X0Y0
-------------------------------------------------------------

+-----------+-------+-----------------+------------+-------------+-----------------+-----+-------------+------+-----+----+------+-----+---------+----------------------------------------+
| Global Id | Track | Driver Type/Pin | Constraint | Clock Loads | Non-Clock Loads | FF  | Memory LUTs | RAMB | DSP | GT | MMCM | PLL | Hard IP | Net                                    |
+-----------+-------+-----------------+------------+-------------+-----------------+-----+-------------+------+-----+----+------+-----+---------+----------------------------------------+
| g0        | n/a   | BUFG/O          | None       |         388 |               0 | 357 |          24 |    7 |   0 |  0 |    0 |   0 |       0 | u_pll/clkout0_o_BUFG                   |
| g1        | n/a   | BUFG/O          | None       |         336 |               0 | 336 |           0 |    0 |   0 |  0 |    0 |   0 |       0 | dbg_hub/inst/BSCANID.u_xsdbm_id/itck_i |
+-----------+-------+-----------------+------------+-------------+-----------------+-----+-------------+------+-----+----+------+-----+---------+----------------------------------------+
* Clock Loads column represents cell count of net connects that connect to a clock pin. Internal cell leaf pins are not considered
** Non-Clock Loads column represents cell count of non-clock pin loads
*** Columns FF, LUTRAM, RAMB through 'Hard IP' represents load cell counts


14. Clock Region Cell Placement per Global Clock: Region X1Y0
-------------------------------------------------------------

+-----------+-------+-----------------+------------+-------------+-----------------+-----+-------------+------+-----+----+------+-----+---------+----------------------------------------+
| Global Id | Track | Driver Type/Pin | Constraint | Clock Loads | Non-Clock Loads | FF  | Memory LUTs | RAMB | DSP | GT | MMCM | PLL | Hard IP | Net                                    |
+-----------+-------+-----------------+------------+-------------+-----------------+-----+-------------+------+-----+----+------+-----+---------+----------------------------------------+
| g0        | n/a   | BUFG/O          | None       |         866 |               0 | 759 |          88 |   19 |   0 |  0 |    0 |   0 |       0 | u_pll/clkout0_o_BUFG                   |
| g1        | n/a   | BUFG/O          | None       |          91 |               0 |  91 |           0 |    0 |   0 |  0 |    0 |   0 |       0 | dbg_hub/inst/BSCANID.u_xsdbm_id/itck_i |
+-----------+-------+-----------------+------------+-------------+-----------------+-----+-------------+------+-----+----+------+-----+---------+----------------------------------------+
* Clock Loads column represents cell count of net connects that connect to a clock pin. Internal cell leaf pins are not considered
** Non-Clock Loads column represents cell count of non-clock pin loads
*** Columns FF, LUTRAM, RAMB through 'Hard IP' represents load cell counts


15. Clock Region Cell Placement per Global Clock: Region X0Y1
-------------------------------------------------------------

+-----------+-------+-----------------+------------+-------------+-----------------+-----+-------------+------+-----+----+------+-----+---------+----------------------------------------+
| Global Id | Track | Driver Type/Pin | Constraint | Clock Loads | Non-Clock Loads | FF  | Memory LUTs | RAMB | DSP | GT | MMCM | PLL | Hard IP | Net                                    |
+-----------+-------+-----------------+------------+-------------+-----------------+-----+-------------+------+-----+----+------+-----+---------+----------------------------------------+
| g0        | n/a   | BUFG/O          | None       |         535 |               0 | 505 |          25 |    5 |   0 |  0 |    0 |   0 |       0 | u_pll/clkout0_o_BUFG                   |
| g1        | n/a   | BUFG/O          | None       |          31 |               0 |  31 |           0 |    0 |   0 |  0 |    0 |   0 |       0 | dbg_hub/inst/BSCANID.u_xsdbm_id/itck_i |
+-----------+-------+-----------------+------------+-------------+-----------------+-----+-------------+------+-----+----+------+-----+---------+----------------------------------------+
* Clock Loads column represents cell count of net connects that connect to a clock pin. Internal cell leaf pins are not considered
** Non-Clock Loads column represents cell count of non-clock pin loads
*** Columns FF, LUTRAM, RAMB through 'Hard IP' represents load cell counts


16. Clock Region Cell Placement per Global Clock: Region X1Y1
-------------------------------------------------------------

+-----------+-------+-----------------+------------+-------------+-----------------+------+-------------+------+-----+----+------+-----+---------+----------------------+
| Global Id | Track | Driver Type/Pin | Constraint | Clock Loads | Non-Clock Loads | FF   | Memory LUTs | RAMB | DSP | GT | MMCM | PLL | Hard IP | Net                  |
+-----------+-------+-----------------+------------+-------------+-----------------+------+-------------+------+-----+----+------+-----+---------+----------------------+
| g0        | n/a   | BUFG/O          | None       |        2221 |               1 | 2030 |         118 |   19 |   0 |  0 |    0 |   0 |       0 | u_pll/clkout0_o_BUFG |
| g2        | n/a   | BUFG/O          | None       |          34 |               0 |    0 |           0 |    0 |   0 |  0 |    0 |   0 |       0 | u_pll/clkout1_o_BUFG |
| g3        | n/a   | BUFG/O          | None       |           2 |               0 |    0 |           0 |    0 |   0 |  0 |    0 |   0 |       0 | u_pll/clkout3_o_BUFG |
| g5        | n/a   | BUFG/O          | None       |           1 |               0 |    0 |           0 |    0 |   0 |  0 |    0 |   0 |       0 | u_pll/clkout2_o_BUFG |
+-----------+-------+-----------------+------------+-------------+-----------------+------+-------------+------+-----+----+------+-----+---------+----------------------+
* Clock Loads column represents cell count of net connects that connect to a clock pin. Internal cell leaf pins are not considered
** Non-Clock Loads column represents cell count of non-clock pin loads
*** Columns FF, LUTRAM, RAMB through 'Hard IP' represents load cell counts


17. Clock Region Cell Placement per Global Clock: Region X1Y2
-------------------------------------------------------------

+-----------+-------+-----------------+------------+-------------+-----------------+----+-------------+------+-----+----+------+-----+---------+---------------------------+
| Global Id | Track | Driver Type/Pin | Constraint | Clock Loads | Non-Clock Loads | FF | Memory LUTs | RAMB | DSP | GT | MMCM | PLL | Hard IP | Net                       |
+-----------+-------+-----------------+------------+-------------+-----------------+----+-------------+------+-----+----+------+-----+---------+---------------------------+
| g0        | n/a   | BUFG/O          | None       |           3 |               0 |  3 |           0 |    0 |   0 |  0 |    0 |   0 |       0 | u_pll/clkout0_o_BUFG      |
| g4        | n/a   | BUFH/O          | None       |           1 |               0 |  0 |           0 |    0 |   0 |  0 |    0 |   1 |       0 | u_pll/clkfbout_buffered_w |
+-----------+-------+-----------------+------------+-------------+-----------------+----+-------------+------+-----+----+------+-----+---------+---------------------------+
* Clock Loads column represents cell count of net connects that connect to a clock pin. Internal cell leaf pins are not considered
** Non-Clock Loads column represents cell count of non-clock pin loads
*** Columns FF, LUTRAM, RAMB through 'Hard IP' represents load cell counts



# Location of BUFG Primitives 
set_property LOC BUFGCTRL_X0Y18 [get_cells u_pll/clkout3_o_BUFG_inst]
set_property LOC BUFGCTRL_X0Y19 [get_cells u_pll/clkout2_o_BUFG_inst]
set_property LOC BUFGCTRL_X0Y17 [get_cells u_pll/clkout1_o_BUFG_inst]
set_property LOC BUFGCTRL_X0Y16 [get_cells u_pll/clkout0_o_BUFG_inst]
set_property LOC BUFGCTRL_X0Y0 [get_cells dbg_hub/inst/BSCANID.u_xsdbm_id/SWITCH_N_EXT_BSCAN.u_bufg_icon_tck]

# Location of BUFH Primitives 
set_property LOC BUFHCE_X1Y24 [get_cells u_pll/u_clkfb_buf]

# Location of IO Primitives which is load of clock spine

# Location of clock ports
set_property LOC IOB_X1Y126 [get_ports clk100mhz]

# Clock net "u_pll/clkout3_o_BUFG" driven by instance "u_pll/clkout3_o_BUFG_inst" located at site "BUFGCTRL_X0Y18"
#startgroup
create_pblock {CLKAG_u_pll/clkout3_o_BUFG}
add_cells_to_pblock [get_pblocks  {CLKAG_u_pll/clkout3_o_BUFG}] [get_cells -filter { PRIMITIVE_GROUP != I/O && IS_PRIMITIVE==1 && PRIMITIVE_LEVEL !=INTERNAL } -of_object [get_pins -filter {DIRECTION==IN} -of_objects [get_nets -hierarchical -filter {PARENT=="u_pll/clkout3_o_BUFG"}]]]
resize_pblock [get_pblocks {CLKAG_u_pll/clkout3_o_BUFG}] -add {CLOCKREGION_X1Y1:CLOCKREGION_X1Y1}
#endgroup

# Clock net "u_pll/clkout2_o_BUFG" driven by instance "u_pll/clkout2_o_BUFG_inst" located at site "BUFGCTRL_X0Y19"
#startgroup
create_pblock {CLKAG_u_pll/clkout2_o_BUFG}
add_cells_to_pblock [get_pblocks  {CLKAG_u_pll/clkout2_o_BUFG}] [get_cells -filter { PRIMITIVE_GROUP != I/O && IS_PRIMITIVE==1 && PRIMITIVE_LEVEL !=INTERNAL } -of_object [get_pins -filter {DIRECTION==IN} -of_objects [get_nets -hierarchical -filter {PARENT=="u_pll/clkout2_o_BUFG"}]]]
resize_pblock [get_pblocks {CLKAG_u_pll/clkout2_o_BUFG}] -add {CLOCKREGION_X1Y1:CLOCKREGION_X1Y1}
#endgroup

# Clock net "u_pll/clkout1_o_BUFG" driven by instance "u_pll/clkout1_o_BUFG_inst" located at site "BUFGCTRL_X0Y17"
#startgroup
create_pblock {CLKAG_u_pll/clkout1_o_BUFG}
add_cells_to_pblock [get_pblocks  {CLKAG_u_pll/clkout1_o_BUFG}] [get_cells -filter { PRIMITIVE_GROUP != I/O && IS_PRIMITIVE==1 && PRIMITIVE_LEVEL !=INTERNAL } -of_object [get_pins -filter {DIRECTION==IN} -of_objects [get_nets -hierarchical -filter {PARENT=="u_pll/clkout1_o_BUFG"}]]]
resize_pblock [get_pblocks {CLKAG_u_pll/clkout1_o_BUFG}] -add {CLOCKREGION_X1Y1:CLOCKREGION_X1Y1}
#endgroup

# Clock net "u_pll/clkout0_o_BUFG" driven by instance "u_pll/clkout0_o_BUFG_inst" located at site "BUFGCTRL_X0Y16"
#startgroup
create_pblock {CLKAG_u_pll/clkout0_o_BUFG}
add_cells_to_pblock [get_pblocks  {CLKAG_u_pll/clkout0_o_BUFG}] [get_cells -filter { PRIMITIVE_GROUP != I/O && IS_PRIMITIVE==1 && PRIMITIVE_LEVEL !=INTERNAL } -of_object [get_pins -filter {DIRECTION==IN} -of_objects [get_nets -hierarchical -filter {PARENT=="u_pll/clkout0_o_BUFG"}]]]
resize_pblock [get_pblocks {CLKAG_u_pll/clkout0_o_BUFG}] -add {CLOCKREGION_X0Y0:CLOCKREGION_X0Y0 CLOCKREGION_X0Y1:CLOCKREGION_X0Y1 CLOCKREGION_X1Y0:CLOCKREGION_X1Y0 CLOCKREGION_X1Y1:CLOCKREGION_X1Y1 CLOCKREGION_X1Y2:CLOCKREGION_X1Y2}
#endgroup

# Clock net "dbg_hub/inst/BSCANID.u_xsdbm_id/itck_i" driven by instance "dbg_hub/inst/BSCANID.u_xsdbm_id/SWITCH_N_EXT_BSCAN.u_bufg_icon_tck" located at site "BUFGCTRL_X0Y0"
#startgroup
create_pblock {CLKAG_dbg_hub/inst/BSCANID.u_xsdbm_id/itck_i}
add_cells_to_pblock [get_pblocks  {CLKAG_dbg_hub/inst/BSCANID.u_xsdbm_id/itck_i}] [get_cells -filter { PRIMITIVE_GROUP != I/O && IS_PRIMITIVE==1 && PRIMITIVE_LEVEL !=INTERNAL } -of_object [get_pins -filter {DIRECTION==IN} -of_objects [get_nets -hierarchical -filter {PARENT=="dbg_hub/inst/BSCANID.u_xsdbm_id/itck_i"}]]]
resize_pblock [get_pblocks {CLKAG_dbg_hub/inst/BSCANID.u_xsdbm_id/itck_i}] -add {CLOCKREGION_X0Y0:CLOCKREGION_X0Y0 CLOCKREGION_X0Y1:CLOCKREGION_X0Y1 CLOCKREGION_X1Y0:CLOCKREGION_X1Y0}
#endgroup
